  [1m[36m (18.3ms)[0m  [1mCREATE TABLE "schema_migrations" ("version" varchar NOT NULL) [0m
  [1m[35m (0.2ms)[0m  select sqlite_version(*)
  [1m[36m (9.9ms)[0m  [1mCREATE UNIQUE INDEX "unique_schema_migrations" ON "schema_migrations" ("version")[0m
  [1m[35mActiveRecord::SchemaMigration Load (0.2ms)[0m  SELECT "schema_migrations".* FROM "schema_migrations"
Migrating to DeviseCreateUsers (20160510142950)
  [1m[36m (0.3ms)[0m  [1mbegin transaction[0m
  [1m[35m (0.4ms)[0m  CREATE TABLE "users" ("id" INTEGER PRIMARY KEY AUTOINCREMENT NOT NULL, "email" varchar DEFAULT '' NOT NULL, "encrypted_password" varchar DEFAULT '' NOT NULL, "reset_password_token" varchar, "reset_password_sent_at" datetime, "remember_created_at" datetime, "sign_in_count" integer DEFAULT 0 NOT NULL, "current_sign_in_at" datetime, "last_sign_in_at" datetime, "current_sign_in_ip" varchar, "last_sign_in_ip" varchar, "name" varchar, "permission_level" varchar, "created_at" datetime NOT NULL, "updated_at" datetime NOT NULL) 
  [1m[36m (5.6ms)[0m  [1mCREATE UNIQUE INDEX "index_users_on_email" ON "users" ("email")[0m
  [1m[35m (0.1ms)[0m              SELECT sql
            FROM sqlite_master
            WHERE name='index_users_on_email' AND type='index'
            UNION ALL
            SELECT sql
            FROM sqlite_temp_master
            WHERE name='index_users_on_email' AND type='index'

  [1m[36m (0.2ms)[0m  [1mCREATE UNIQUE INDEX "index_users_on_reset_password_token" ON "users" ("reset_password_token")[0m
  [1m[35mSQL (0.1ms)[0m  INSERT INTO "schema_migrations" ("version") VALUES (?)  [["version", "20160510142950"]]
  [1m[36m (11.5ms)[0m  [1mcommit transaction[0m
Migrating to CreateInvoices (20160510144023)
  [1m[35m (0.1ms)[0m  begin transaction
  [1m[36m (0.5ms)[0m  [1mCREATE TABLE "invoices" ("id" INTEGER PRIMARY KEY AUTOINCREMENT NOT NULL, "cliente" varchar, "fecha" date, "td" varchar, "serie" varchar, "numero" varchar, "preciocigv" decimal, "preciosigv" decimal, "cantidad" float, "vventa" float, "igv" float, "importe" float, "ruc" varchar, "created_at" datetime NOT NULL, "updated_at" datetime NOT NULL) [0m
  [1m[35mSQL (0.1ms)[0m  INSERT INTO "schema_migrations" ("version") VALUES (?)  [["version", "20160510144023"]]
  [1m[36m (8.6ms)[0m  [1mcommit transaction[0m
Migrating to CreateClients (20160511213829)
  [1m[35m (0.1ms)[0m  begin transaction
  [1m[36m (0.4ms)[0m  [1mCREATE TABLE "clients" ("id" INTEGER PRIMARY KEY AUTOINCREMENT NOT NULL, "vcodigo" varchar, "vruc" varchar, "vrazon2" varchar, "vdireccion" varchar, "vdistrito" varchar, "vprov" varchar, "vdep" varchar, "created_at" datetime NOT NULL, "updated_at" datetime NOT NULL) [0m
  [1m[35mSQL (0.2ms)[0m  INSERT INTO "schema_migrations" ("version") VALUES (?)  [["version", "20160511213829"]]
  [1m[36m (7.3ms)[0m  [1mcommit transaction[0m
Migrating to AddGuiaToInvoices (20160512172612)
  [1m[35m (0.1ms)[0m  begin transaction
  [1m[36m (0.5ms)[0m  [1mALTER TABLE "invoices" ADD "guia" varchar[0m
  [1m[35mSQL (0.2ms)[0m  INSERT INTO "schema_migrations" ("version") VALUES (?)  [["version", "20160512172612"]]
  [1m[36m (9.1ms)[0m  [1mcommit transaction[0m
Migrating to DropClientsD (20160519205951)
  [1m[35m (0.1ms)[0m  begin transaction
  [1m[36mSQL (0.3ms)[0m  [1mINSERT INTO "schema_migrations" ("version") VALUES (?)[0m  [["version", "20160519205951"]]
  [1m[35m (10.4ms)[0m  commit transaction
Migrating to DropInvoices (20160519210007)
  [1m[36m (0.1ms)[0m  [1mbegin transaction[0m
  [1m[35mSQL (0.3ms)[0m  INSERT INTO "schema_migrations" ("version") VALUES (?)  [["version", "20160519210007"]]
  [1m[36m (11.4ms)[0m  [1mcommit transaction[0m
Migrating to AddMailClientToClient (20160525203912)
  [1m[35m (0.1ms)[0m  begin transaction
  [1m[36m (0.5ms)[0m  [1mALTER TABLE "clients" ADD "mailclient" varchar[0m
  [1m[35mSQL (0.2ms)[0m  INSERT INTO "schema_migrations" ("version") VALUES (?)  [["version", "20160525203912"]]
  [1m[36m (8.6ms)[0m  [1mcommit transaction[0m
Migrating to AddMail2ToCLients (20160526212331)
  [1m[35m (0.1ms)[0m  begin transaction
  [1m[36m (0.6ms)[0m  [1mALTER TABLE "clients" ADD "mailclient2" varchar[0m
  [1m[35mSQL (0.2ms)[0m  INSERT INTO "schema_migrations" ("version") VALUES (?)  [["version", "20160526212331"]]
  [1m[36m (9.2ms)[0m  [1mcommit transaction[0m
Migrating to AddMail3ToCLients (20160526212341)
  [1m[35m (0.1ms)[0m  begin transaction
  [1m[36m (0.5ms)[0m  [1mALTER TABLE "clients" ADD "mailclient3" varchar[0m
  [1m[35mSQL (0.2ms)[0m  INSERT INTO "schema_migrations" ("version") VALUES (?)  [["version", "20160526212341"]]
  [1m[36m (8.8ms)[0m  [1mcommit transaction[0m
Migrating to CreateVoideds (20160530215202)
  [1m[35m (0.1ms)[0m  begin transaction
  [1m[36m (0.5ms)[0m  [1mCREATE TABLE "voideds" ("id" INTEGER PRIMARY KEY AUTOINCREMENT NOT NULL, "numero" varchar, "serie" varchar, "factura" varchar, "fecha" date, "texto" text, "created_at" datetime NOT NULL, "updated_at" datetime NOT NULL) [0m
  [1m[35mSQL (0.2ms)[0m  INSERT INTO "schema_migrations" ("version") VALUES (?)  [["version", "20160530215202"]]
  [1m[36m (9.5ms)[0m  [1mcommit transaction[0m
Migrating to AddCodplaca10ToInvoice (20160712214555)
  [1m[35m (0.1ms)[0m  begin transaction
  [1m[36m (0.5ms)[0m  [1mALTER TABLE "invoices" ADD "codplaca10" varchar[0m
  [1m[35mSQL (0.4ms)[0m  INSERT INTO "schema_migrations" ("version") VALUES (?)  [["version", "20160712214555"]]
  [1m[36m (7.2ms)[0m  [1mcommit transaction[0m
Migrating to CreateMailings (20160809202417)
  [1m[35m (0.1ms)[0m  begin transaction
  [1m[36m (0.4ms)[0m  [1mCREATE TABLE "mailings" ("id" INTEGER PRIMARY KEY AUTOINCREMENT NOT NULL, "td" varchar, "serie" varchar, "numero" varchar, "ruc" varchar, "flag" boolean, "created_at" datetime NOT NULL, "updated_at" datetime NOT NULL) [0m
  [1m[35mSQL (0.2ms)[0m  INSERT INTO "schema_migrations" ("version") VALUES (?)  [["version", "20160809202417"]]
  [1m[36m (7.9ms)[0m  [1mcommit transaction[0m
Migrating to Addflag1ToMailing (20160810221323)
  [1m[35m (0.2ms)[0m  begin transaction
  [1m[36m (0.7ms)[0m  [1mALTER TABLE "mailings" ADD "flag1" varchar[0m
  [1m[35mSQL (0.2ms)[0m  INSERT INTO "schema_migrations" ("version") VALUES (?)  [["version", "20160810221323"]]
  [1m[36m (17.0ms)[0m  [1mcommit transaction[0m
Migrating to AddFormapagoToInvoice (20161130210058)
  [1m[35m (0.1ms)[0m  begin transaction
  [1m[36m (0.5ms)[0m  [1mALTER TABLE "invoices" ADD "formapago" varchar[0m
  [1m[35mSQL (0.2ms)[0m  INSERT INTO "schema_migrations" ("version") VALUES (?)  [["version", "20161130210058"]]
  [1m[36m (14.0ms)[0m  [1mcommit transaction[0m
Migrating to AddDescriptionToInvoice (20161130210204)
  [1m[35m (0.1ms)[0m  begin transaction
  [1m[36m (0.5ms)[0m  [1mALTER TABLE "invoices" ADD "description" text[0m
  [1m[35mSQL (0.2ms)[0m  INSERT INTO "schema_migrations" ("version") VALUES (?)  [["version", "20161130210204"]]
  [1m[36m (10.3ms)[0m  [1mcommit transaction[0m
Migrating to AddCommentsToInvoice (20161130210225)
  [1m[35m (0.1ms)[0m  begin transaction
  [1m[36m (0.4ms)[0m  [1mALTER TABLE "invoices" ADD "comments" text[0m
  [1m[35mSQL (0.1ms)[0m  INSERT INTO "schema_migrations" ("version") VALUES (?)  [["version", "20161130210225"]]
  [1m[36m (9.0ms)[0m  [1mcommit transaction[0m
Migrating to AddDescripToInvoice (20161130211107)
  [1m[35m (0.1ms)[0m  begin transaction
  [1m[36m (0.3ms)[0m  [1mALTER TABLE "invoices" ADD "descrip" varchar[0m
  [1m[35mSQL (0.1ms)[0m  INSERT INTO "schema_migrations" ("version") VALUES (?)  [["version", "20161130211107"]]
  [1m[36m (12.2ms)[0m  [1mcommit transaction[0m
Migrating to AddMonedaToInvoices (20170203155504)
  [1m[35m (0.2ms)[0m  begin transaction
  [1m[36m (0.4ms)[0m  [1mALTER TABLE "invoices" ADD "moneda" integer[0m
  [1m[35mSQL (0.1ms)[0m  INSERT INTO "schema_migrations" ("version") VALUES (?)  [["version", "20170203155504"]]
  [1m[36m (10.5ms)[0m  [1mcommit transaction[0m
Migrating to CreateNotacredits (20170218160251)
  [1m[35m (0.1ms)[0m  begin transaction
  [1m[36m (0.5ms)[0m  [1mCREATE TABLE "notacredits" ("id" INTEGER PRIMARY KEY AUTOINCREMENT NOT NULL, "fecha" datetime, "code" varchar, "nota_id" integer, "motivo" varchar, "subtotal" float, "tax" float, "total" float, "moneda_id" integer, "mod_factura" varchar, "mod_tipo" integer, "processed" varchar, "tipo" varchar, "description" varchar, "customer_id" integer, "quantity" float, "price" float, "price2" float, "client_id" integer, "notum_id" integer, "nombre" varchar, "created_at" datetime NOT NULL, "updated_at" datetime NOT NULL) [0m
  [1m[35mSQL (0.1ms)[0m  INSERT INTO "schema_migrations" ("version") VALUES (?)  [["version", "20170218160251"]]
  [1m[36m (10.0ms)[0m  [1mcommit transaction[0m
Migrating to CreateNota (20170913204660)
  [1m[35m (0.1ms)[0m  begin transaction
  [1m[36m (0.5ms)[0m  [1mCREATE TABLE "nota" ("id" INTEGER PRIMARY KEY AUTOINCREMENT NOT NULL, "code" varchar, "descrip" varchar, "created_at" datetime NOT NULL, "updated_at" datetime NOT NULL) [0m
  [1m[35mSQL (0.1ms)[0m  INSERT INTO "schema_migrations" ("version") VALUES (?)  [["version", "20170913204660"]]
  [1m[36m (8.9ms)[0m  [1mcommit transaction[0m
  [1m[35mActiveRecord::SchemaMigration Load (0.2ms)[0m  SELECT "schema_migrations".* FROM "schema_migrations"
  [1m[36m (0.2ms)[0m  [1m            SELECT sql
            FROM sqlite_master
            WHERE name='index_users_on_reset_password_token' AND type='index'
            UNION ALL
            SELECT sql
            FROM sqlite_temp_master
            WHERE name='index_users_on_reset_password_token' AND type='index'
[0m
  [1m[35m (0.1ms)[0m              SELECT sql
            FROM sqlite_master
            WHERE name='index_users_on_email' AND type='index'
            UNION ALL
            SELECT sql
            FROM sqlite_temp_master
            WHERE name='index_users_on_email' AND type='index'

